 32, 8,Bowtie2,   100,Simulated,   4.36,5.19,  1000,  733230,   2.87,1.19,   386,  880091,   1.67,2.50,    41,  733230,   5.32,3.30,  1000,  534870,   6.37,3.88,  1000,  534870
 32,16,Bowtie2,   100,Simulated,   4.35,7.52,  1000,  733230,   3.28,1.58,   553, 1271929,   1.76,2.80,    55,  733230,   5.24,3.26,  1000,  534870,   6.38,4.88,  1000,  534870
 64,16,Bowtie2,   100,Simulated,   4.85,6.63,  1000,  733230,   4.07,1.08,   681,  839990,   1.83,2.73,    40,  733230,   5.65,1.27,  1000,  534870,   6.95,2.03,  1000,  534870
 64,32,Bowtie2,   100,Simulated,   4.83,1.31,  1000,  733230,   4.74,1.52,   950, 1183884,   1.92,2.61,    50,  733230,   5.66,3.72,  1000,  534870,   6.95,3.33,  1000,  534870
128,32,Bowtie2,   100,Simulated,   4.44,7.45,  1000,  733230,   4.70,1.16,  1000,  733230,   1.65,2.10,    36,  733230,   5.27,6.39,  1000,  534870,   6.50,1.83,  1000,  534870
128,64,Bowtie2,   100,Simulated,   4.38,6.35,  1000,  733230,   4.65,1.72,  1000,  733230,   1.62,1.47,    36,  733230,   5.23,1.59,  1000,  534870,   6.43,6.33,  1000,  534870
 32, 8,Bowtie2,   100,Simulated,   4.47,4.11,  1000, 6564199,   3.00,1.98,   393, 7901177,   3.64,2.07,   326, 6564199,   5.46,5.49,  1000, 1043899,   6.41,1.64,  1000, 1043899
 32,16,Bowtie2,   100,Simulated,   4.48,1.80,  1000, 6564199,   3.43,1.23,   559,11322870,   6.15,1.46,   899, 6564199,   5.43,6.73,  1000, 1043899,   6.44,1.84,  1000, 1043899
 64,16,Bowtie2,   100,Simulated,   4.42,7.54,  1000, 6564199,   3.77,1.06,   687, 7523116,   3.42,1.90,   287, 6564199,   5.27,5.70,  1000, 1043899,   6.37,5.23,  1000, 1043899
 64,32,Bowtie2,   100,Simulated,   4.47,6.86,  1000, 6564199,   4.49,1.56,   956,10554401,   4.77,1.14,   804, 6564199,   5.32,1.83,  1000, 1043899,   6.42,3.75,  1000, 1043899
128,32,Bowtie2,   100,Simulated,   4.40,5.04,  1000, 6564199,   4.68,1.19,  1000, 6564199,   3.04,2.47,   221, 6564199,   5.25,3.14,  1000, 1043899,   6.36,3.09,  1000, 1043899
128,64,Bowtie2,   100,Simulated,   4.43,7.80,  1000, 6564199,   4.72,1.48,  1000, 6564199,   3.08,2.25,   221, 6564199,   5.31,5.23,  1000, 1043899,   6.41,4.75,  1000, 1043899
 32, 8,Bowtie2,  1000,Simulated,   4.53,5085,  1000,    7276,   0.14,1.22,    42,    9143,   0.10,1.63,     4,    7276,   1.69,3.25,  1000,   10896,   3.88,4.92,  1000,   10896
 32,16,Bowtie2,  1000,Simulated,   4.47,5001,  1000,    7276,   0.20,1.66,    63,   13891,   0.11,2.76,     5,    7276,   1.68,6.33,  1000,   10908,   3.83,1.73,  1000,   10914
 64,16,Bowtie2,  1000,Simulated,   4.54,5001,  1000,    7276,   0.23,1.37,    83,    9300,   0.10,1.01,     4,    7276,   1.68,5.67,  1000,   10896,   3.88,5.24,  1000,   10896
 64,32,Bowtie2,  1000,Simulated,   4.47,5001,  1000,    7276,   0.32,1.15,   124,   14045,   0.10,2.92,     6,    7276,   1.65,5.15,  1000,   10896,   3.83,3.76,  1000,   10896
128,32,Bowtie2,  1000,Simulated,   4.45,5001,  1000,    7276,   0.43,1.69,   165,    9533,   0.09,2.62,     4,    7276,   1.69,2.56,  1000,   10902,   3.87,2.38,  1000,   10902
128,64,Bowtie2,  1000,Simulated,   4.44,5001,  1000,    7276,   0.59,1.81,   240,   13594,   0.10,1.22,     5,    7276,   1.64,3.00,  1000,   10896,   3.79,2.96,  1000,   10896
 32, 8,Bowtie2,  1000,Simulated,   4.51,5115,  1000,   72456,   0.14,1.38,    42,   92298,   0.25,1.65,    36,   72456,   1.69,3.03,  1000,   14550,   3.85,4.43,  1000,   14550
 32,16,Bowtie2,  1000,Simulated,   4.54,5001,  1000,   72456,   0.20,1.61,    63,  136971,   0.39,1.41,    65,   72456,   1.81,6.85,  1000,   14524,   3.88,5.55,  1000,   14529
 64,16,Bowtie2,  1000,Simulated,   4.55,5001,  1000,   72456,   0.24,1.54,    83,   93958,   0.26,2.60,    37,   72456,   1.71,3.16,  1000,   14540,   3.91,5.60,  1000,   14545
 64,32,Bowtie2,  1000,Simulated,   4.49,5001,  1000,   72456,   0.33,1.29,   124,  138710,   0.38,2.90,    67,   72456,   1.72,6.44,  1000,   14524,   3.84,5.46,  1000,   14524
128,32,Bowtie2,  1000,Simulated,   4.49,5001,  1000,   72456,   0.42,1.67,   165,   95074,   0.26,2.92,    38,   72456,   1.67,3.10,  1000,   14524,   3.82,3.43,  1000,   14529
128,64,Bowtie2,  1000,Simulated,   4.55,5001,  1000,   72456,   0.61,1.78,   240,  135373,   0.38,1.16,    64,   72456,   1.75,2.09,  1000,   14524,   3.89,4.49,  1000,   14529
 32, 8,Bowtie2, 10000,Simulated,   4.66,5721,  1000,      74,   0.01,1.06,     4,      98,   0.02,1.74,     0,      74,   1.59,4.18,  1000,     104,   3.88,5.50,  1000,     104
 32,16,Bowtie2, 10000,Simulated,   4.62,5722,  1000,      74,   0.02,1.52,     6,     148,   0.02,2.46,     0,      74,   1.59,4.80,  1000,     104,   3.82,6.09,  1000,     104
 64,16,Bowtie2, 10000,Simulated,   4.52,5725,  1000,      74,   0.02,1.88,     8,      88,   0.02,1.67,     0,      74,   1.52,1.10,  1000,     104,   3.72,7.31,  1000,     104
 64,32,Bowtie2, 10000,Simulated,   4.62,5722,  1000,      74,   0.03,1.23,    12,     148,   0.02,1.06,     0,      74,   1.60,4.29,  1000,     104,   3.81,2.06,  1000,     104
128,32,Bowtie2, 10000,Simulated,   4.67,5721,  1000,      74,   0.04,1.04,    17,     104,   0.02,1.94,     0,      74,   1.60,5.85,  1000,     104,   3.88,6.10,  1000,     104
128,64,Bowtie2, 10000,Simulated,   4.53,5721,  1000,      74,   0.06,1.75,    25,     148,   0.02,3.00,     0,      74,   1.57,6.77,  1000,     104,   3.77,7.60,  1000,     104
 32, 8,Bowtie2, 10000,Simulated,   4.52,5723,  1000,     734,   0.01,1.29,     4,     944,   0.03,1.18,     3,     734,   1.54,1.14,  1000,     162,   3.75,2.88,  1000,     162
 32,16,Bowtie2, 10000,Simulated,   4.63,5723,  1000,     734,   0.02,1.45,     6,    1397,   0.04,1.46,     6,     734,   1.58,2.01,  1000,     162,   3.79,2.64,  1000,     162
 64,16,Bowtie2, 10000,Simulated,   4.71,5722,  1000,     734,   0.02,1.93,     8,     921,   0.03,2.65,     3,     734,   1.62,2.51,  1000,     162,   3.90,7.61,  1000,     162
 64,32,Bowtie2, 10000,Simulated,   4.57,5724,  1000,     734,   0.03,1.55,    12,    1398,   0.05,1.41,     6,     734,   1.56,3.99,  1000,     162,   3.75,7.30,  1000,     162
128,32,Bowtie2, 10000,Simulated,   4.56,5724,  1000,     734,   0.04,1.78,    17,     958,   0.03,1.51,     3,     734,   1.58,1.90,  1000,     162,   3.79,6.39,  1000,     162
128,64,Bowtie2, 10000,Simulated,   4.61,5721,  1000,     734,   0.06,1.01,    25,    1416,   0.05,1.27,     6,     734,   1.59,2.14,  1000,     162,   3.83,1.99,  1000,     162
 32, 8,Bowtie2,   248, Illumina,   4.28,6.87,  1546,  408309,   1.25,1.04,   257,  514249,   0.78,1.29,    63,  408309,   4.04,1.18,  1546,   95148,   6.79,1.35,  1546,   95148
 32,16,Bowtie2,   248, Illumina,   4.28,6.13,  1546,  408309,   1.57,1.13,   373,  689571,   0.93,1.81,    94,  408309,   4.01,4.02,  1546,   95148,   6.76,2.97,  1546,   95148
 64,16,Bowtie2,   248, Illumina,   4.27,5.64,  1546,  408309,   1.82,1.43,   490,  476788,   0.75,1.83,    58,  408309,   4.05,2.78,  1546,   95166,   6.77,4.80,  1546,   95166
 64,32,Bowtie2,   248, Illumina,   4.26,3.17,  1546,  408309,   2.30,1.01,   695,  619369,   0.87,2.37,    84,  408309,   3.99,5.63,  1546,   95148,   6.75,5.10,  1546,   95148
128,32,Bowtie2,   248, Illumina,   4.24,3.39,  1546,  408309,   2.89,1.32,   899,  482703,   0.75,1.59,    59,  408309,   3.97,5.79,  1546,   95148,   6.71,3.83,  1546,   95148
128,64,Bowtie2,   248, Illumina,   4.26,3.39,  1546,  408309,   3.58,1.58,  1184,  526760,   0.79,1.21,    68,  408309,   4.01,2.44,  1546,   95160,   6.72,7.29,  1546,   95160
 32, 8,Bowtie2,  4847, Nanopore,   3.36,4092,   715,  103715,   0.02,1.41,     5,  167659,   1.10,2.04,   588,  103715,   1.54,6.88,   715,    4694,   2.74,5.53,   715,    4694
 32,16,Bowtie2,  4847, Nanopore,   3.25,4088,   715,  103715,   0.02,1.83,     8,  281406,   1.58,2.20,   715,  103715,   1.50,2.90,   715,    4709,   2.70,1.10,   715,    4704
 64,16,Bowtie2,  4847, Nanopore,   3.30,4105,   715,  103715,   0.03,1.58,    10,  159016,   1.14,1.23,   612,  103715,   1.52,5.63,   715,    4694,   2.70,1.18,   715,    4694
 64,32,Bowtie2,  4847, Nanopore,   3.30,4106,   715,  103715,   0.04,1.44,    16,  249667,   1.60,1.27,   711,  103715,   1.54,2.66,   715,    4710,   2.72,5.88,   715,    4705
128,32,Bowtie2,  4847, Nanopore,   3.36,4090,   715,  103715,   0.05,1.34,    21,  134082,   0.94,2.11,   575,  103715,   1.52,1.29,   715,    4709,   2.72,4.75,   715,    4704
128,64,Bowtie2,  4847, Nanopore,   3.24,4095,   715,  103715,   0.07,1.85,    31,  199036,   1.50,1.03,   711,  103715,   1.49,4.92,   715,    4704,   2.64,5.53,   715,    4704
