 32, 8,Bowtie2,   100,Simulated,   4.36, 100,   999,  733230,   2.87, 100,   386,  880091,   1.67, 100,    41,  733230,   5.32, 100,   999,  534870,   6.37,   1,   999,  534870
 32,16,Bowtie2,   100,Simulated,   4.35, 100,   999,  733230,   3.28, 100,   553, 1271929,   1.76, 100,    55,  733230,   5.24, 100,   999,  534870,   6.38,   1,   999,  534870
 64,16,Bowtie2,   100,Simulated,   4.85, 100,   999,  733230,   4.07, 100,   681,  839990,   1.83, 100,    40,  733230,   5.65, 100,   999,  534870,   6.95,   1,   999,  534870
 64,32,Bowtie2,   100,Simulated,   4.83, 100,   999,  733230,   4.74, 100,   950, 1183884,   1.92, 100,    50,  733230,   5.66, 100,   999,  534870,   6.95,   1,   999,  534870
128,32,Bowtie2,   100,Simulated,   4.44, 100,   999,  733230,   4.70, 100,   999,  733230,   1.65, 100,    36,  733230,   5.27,   1,   999,  534870,   6.50, 100,   999,  534870
128,64,Bowtie2,   100,Simulated,   4.38, 100,   999,  733230,   4.65, 100,   999,  733230,   1.62, 100,    36,  733230,   5.23, 100,   999,  534870,   6.43,   1,   999,  534870
 32, 8,Bowtie2,   100,Simulated,   4.47, 100,  1000, 6564199,   3.00, 100,   393, 7901177,   3.64, 100,   326, 6564199,   5.46, 100,  1000, 1043899,   6.41,   1,  1000, 1043899
 32,16,Bowtie2,   100,Simulated,   4.48, 100,  1000, 6564199,   3.43, 100,   559,11322870,   6.15, 100,   899, 6564199,   5.43, 100,  1000, 1043899,   6.44,   1,  1000, 1043899
 64,16,Bowtie2,   100,Simulated,   4.42, 100,  1000, 6564199,   3.77, 100,   687, 7523116,   3.42, 100,   287, 6564199,   5.27, 100,  1000, 1043899,   6.37,   1,  1000, 1043899
 64,32,Bowtie2,   100,Simulated,   4.47, 100,  1000, 6564199,   4.49, 100,   956,10554401,   4.77, 100,   804, 6564199,   5.32, 100,  1000, 1043899,   6.42,   1,  1000, 1043899
128,32,Bowtie2,   100,Simulated,   4.40, 100,  1000, 6564199,   4.68, 100,  1000, 6564199,   3.04, 100,   221, 6564199,   5.25,   1,  1000, 1043899,   6.36, 100,  1000, 1043899
128,64,Bowtie2,   100,Simulated,   4.43, 100,  1000, 6564199,   4.72, 100,  1000, 6564199,   3.08, 100,   221, 6564199,   5.31, 100,  1000, 1043899,   6.41,   1,  1000, 1043899
 32, 8,Bowtie2,  1000,Simulated,   4.53,5085,   999,    7276,   0.14, 100,    42,    9143,   0.10, 100,     4,    7276,   1.69,   1,   999,   10896,   3.88, 100,   999,   10896
 32,16,Bowtie2,  1000,Simulated,   4.47,5001,   999,    7276,   0.20, 100,    63,   13891,   0.11, 100,     5,    7276,   1.68,   1,   999,   10908,   3.83, 100,   999,   10914
 64,16,Bowtie2,  1000,Simulated,   4.54,5001,   999,    7276,   0.23, 100,    83,    9300,   0.10, 100,     4,    7276,   1.68,   1,   999,   10896,   3.88, 100,   999,   10896
 64,32,Bowtie2,  1000,Simulated,   4.47,5001,   999,    7276,   0.32, 100,   124,   14045,   0.10, 100,     6,    7276,   1.65,   1,   999,   10896,   3.83, 100,   999,   10896
128,32,Bowtie2,  1000,Simulated,   4.45,5001,   999,    7276,   0.43, 100,   165,    9533,   0.09, 100,     4,    7276,   1.69, 100,   999,   10902,   3.87, 100,   999,   10902
128,64,Bowtie2,  1000,Simulated,   4.44,5001,   999,    7276,   0.59, 100,   240,   13594,   0.10, 100,     5,    7276,   1.64, 100,   999,   10896,   3.79, 100,   999,   10896
 32, 8,Bowtie2,  1000,Simulated,   4.51,5115,  1000,   72456,   0.14, 100,    42,   92298,   0.25, 100,    36,   72456,   1.69,   1,  1000,   14550,   3.85, 100,  1000,   14550
 32,16,Bowtie2,  1000,Simulated,   4.54,5001,  1000,   72456,   0.20, 100,    63,  136971,   0.39, 100,    65,   72456,   1.81,   1,  1000,   14524,   3.88, 100,  1000,   14529
 64,16,Bowtie2,  1000,Simulated,   4.55,5001,  1000,   72456,   0.24, 100,    83,   93958,   0.26, 100,    37,   72456,   1.71,   1,  1000,   14540,   3.91, 100,  1000,   14545
 64,32,Bowtie2,  1000,Simulated,   4.49,5001,  1000,   72456,   0.33, 100,   124,  138710,   0.38, 100,    67,   72456,   1.72,   1,  1000,   14524,   3.84, 100,  1000,   14524
128,32,Bowtie2,  1000,Simulated,   4.49,5001,  1000,   72456,   0.42, 100,   165,   95074,   0.26, 100,    38,   72456,   1.67, 100,  1000,   14524,   3.82, 100,  1000,   14529
128,64,Bowtie2,  1000,Simulated,   4.55,5001,  1000,   72456,   0.61, 100,   240,  135373,   0.38, 100,    64,   72456,   1.75, 100,  1000,   14524,   3.89, 100,  1000,   14529
 32, 8,Bowtie2, 10000,Simulated,   4.66,5721,  1000,      74,   0.01, 100,     4,      98,   0.02, 100,     0,      74,   1.59,   1,  1000,     104,   3.88, 100,  1000,     104
 32,16,Bowtie2, 10000,Simulated,   4.62,5722,  1000,      74,   0.02, 100,     6,     148,   0.02, 100,     0,      74,   1.59, 100,  1000,     104,   3.82, 100,  1000,     104
 64,16,Bowtie2, 10000,Simulated,   4.52,5725,  1000,      74,   0.02, 100,     8,      88,   0.02, 100,     0,      74,   1.52,   1,  1000,     104,   3.72, 100,  1000,     104
 64,32,Bowtie2, 10000,Simulated,   4.62,5722,  1000,      74,   0.03, 100,    12,     148,   0.02, 100,     0,      74,   1.60, 100,  1000,     104,   3.81, 100,  1000,     104
128,32,Bowtie2, 10000,Simulated,   4.67,5721,  1000,      74,   0.04, 100,    17,     104,   0.02, 100,     0,      74,   1.60,   1,  1000,     104,   3.88, 100,  1000,     104
128,64,Bowtie2, 10000,Simulated,   4.53,5721,  1000,      74,   0.06, 100,    25,     148,   0.02, 100,     0,      74,   1.57, 100,  1000,     104,   3.77, 100,  1000,     104
 32, 8,Bowtie2, 10000,Simulated,   4.52,5723,   999,     734,   0.01, 100,     4,     944,   0.03, 100,     3,     734,   1.54, 100,   999,     162,   3.75,   1,   999,     162
 32,16,Bowtie2, 10000,Simulated,   4.63,5723,   999,     734,   0.02, 100,     6,    1397,   0.04, 100,     6,     734,   1.58, 100,   999,     162,   3.79, 100,   999,     162
 64,16,Bowtie2, 10000,Simulated,   4.71,5722,   999,     734,   0.02, 100,     8,     921,   0.03, 100,     3,     734,   1.62, 100,   999,     162,   3.90, 100,   999,     162
 64,32,Bowtie2, 10000,Simulated,   4.57,5724,   999,     734,   0.03, 100,    12,    1398,   0.05, 100,     6,     734,   1.56,   1,   999,     162,   3.75, 100,   999,     162
128,32,Bowtie2, 10000,Simulated,   4.56,5724,   999,     734,   0.04, 100,    17,     958,   0.03, 100,     3,     734,   1.58, 100,   999,     162,   3.79, 100,   999,     162
128,64,Bowtie2, 10000,Simulated,   4.61,5721,   999,     734,   0.06, 100,    25,    1416,   0.05, 100,     6,     734,   1.59,   1,   999,     162,   3.83, 100,   999,     162
 32, 8,Bowtie2,   248, Illumina,   4.28,   1,  1546,  408309,   1.25, 100,   257,  514249,   0.78, 100,    63,  408309,   4.04, 100,  1546,   95148,   6.79, 100,  1546,   95148
 32,16,Bowtie2,   248, Illumina,   4.28,   1,  1546,  408309,   1.57, 100,   373,  689571,   0.93, 100,    94,  408309,   4.01, 100,  1546,   95148,   6.76, 100,  1546,   95148
 64,16,Bowtie2,   248, Illumina,   4.27,   1,  1546,  408309,   1.82, 100,   490,  476788,   0.75, 100,    58,  408309,   4.05, 100,  1546,   95166,   6.77, 100,  1546,   95166
 64,32,Bowtie2,   248, Illumina,   4.26,   1,  1546,  408309,   2.30, 100,   695,  619369,   0.87, 100,    84,  408309,   3.99, 100,  1546,   95148,   6.75, 100,  1546,   95148
128,32,Bowtie2,   248, Illumina,   4.24,   1,  1546,  408309,   2.89, 100,   899,  482703,   0.75, 100,    59,  408309,   3.97, 100,  1546,   95148,   6.71, 100,  1546,   95148
128,64,Bowtie2,   248, Illumina,   4.26,   1,  1546,  408309,   3.58, 100,  1184,  526760,   0.79, 100,    68,  408309,   4.01, 100,  1546,   95160,   6.72, 100,  1546,   95160
 32, 8,Bowtie2,  4847, Nanopore,   3.36,4092,   715,  103715,   0.02, 100,     5,  167659,   1.10, 100,   588,  103715,   1.14,   1,   715,    4694,   2.74, 100,   715,    4694
 32,16,Bowtie2,  4847, Nanopore,   3.25,4088,   715,  103715,   0.02, 100,     8,  281406,   1.58, 100,   715,  103715,   1.10, 100,   715,    4709,   2.70, 100,   715,    4704
 64,16,Bowtie2,  4847, Nanopore,   3.30,4105,   715,  103715,   0.03, 100,    10,  159016,   1.14, 100,   612,  103715,   1.12, 100,   715,    4694,   2.70, 100,   715,    4694
 64,32,Bowtie2,  4847, Nanopore,   3.30,4106,   715,  103715,   0.04, 100,    16,  249667,   1.60, 100,   711,  103715,   1.14, 100,   715,    4710,   2.72, 100,   715,    4705
128,32,Bowtie2,  4847, Nanopore,   3.36,4090,   715,  103715,   0.05, 100,    21,  134082,   0.94, 100,   575,  103715,   1.12,   1,   715,    4709,   2.72, 100,   715,    4704
128,64,Bowtie2,  4847, Nanopore,   3.24,4095,   715,  103715,   0.07, 100,    31,  199036,   1.50, 100,   711,  103715,   1.09, 100,   715,    4704,   2.64, 100,   715,    4704
